SonarCloud plugins:
  - Text Code Quality and Security 2.22.0.5855 (textenterprise)
  - JaCoCo 1.3.0.1538 (jacoco)
  - IaC Code Quality and Security 1.45.0.14930 (iacenterprise)
  - IaC Code Quality and Security 1.45.0.14930 (iac)
Project server settings:
  - sonar.abap.file.suffixes=.abap,.ab4,.flow,.asprog
  - sonar.apex.file.suffixes=.cls,.trigger
  - sonar.autoscan.enabled=false
  - sonar.azureresourcemanager.file.suffixes=.bicep
  - sonar.c.file.suffixes=.c,.h
  - sonar.cpp.file.suffixes=.cc,.cpp,.cxx,.c++,.hh,.hpp,.hxx,.h++,.ipp,.ixx,.mxx,.cppm,.ccm,.cxxm,.c++m
  - sonar.cs.file.suffixes=.cs,.razor
  - sonar.css.file.suffixes=.css,.less,.scss,.sass
  - sonar.dart.file.suffixes=.dart
  - sonar.docker.file.patterns=Dockerfile,*.dockerfile
  - sonar.flex.file.suffixes=as
  - sonar.go.file.suffixes=.go
  - sonar.html.file.suffixes=.html,.xhtml,.cshtml,.vbhtml,.aspx,.ascx,.rhtml,.erb,.shtm,.shtml,.cmp,.twig
  - sonar.ipynb.file.suffixes=ipynb
  - sonar.java.file.suffixes=.java,.jav
  - sonar.java.jvmframeworkconfig.file.patterns=**/src/main/resources/**/*app*.properties,**/src/main/resources/**/*app*.yaml,**/src/main/resources/**/*app*.yml
  - sonar.javascript.file.suffixes=.js,.jsx,.cjs,.mjs,.vue
  - sonar.jcl.file.suffixes=.jcl
  - sonar.json.file.suffixes=.json
  - sonar.jsp.file.suffixes=.jsp,.jspf,.jspx
  - sonar.kotlin.file.suffixes=.kt,.kts
  - sonar.objc.file.suffixes=.m
  - sonar.php.file.suffixes=php,php3,php4,php5,phtml,inc
  - sonar.pli.file.suffixes=.pli
  - sonar.plsql.file.suffixes=sql,tab,pkb
  - sonar.python.file.suffixes=py
  - sonar.rpg.file.suffixes=.rpg,.rpgle,.sqlrpgle,.RPG,.RPGLE,.SQLRPGLE
  - sonar.ruby.file.suffixes=.rb
  - sonar.rust.file.suffixes=.rs
  - sonar.scala.file.suffixes=.scala
  - sonar.swift.file.suffixes=.swift
  - sonar.terraform.file.suffixes=.tf
  - sonar.tsql.file.suffixes=.tsql
  - sonar.typescript.file.suffixes=.ts,.tsx,.cts,.mts
  - sonar.vb.file.suffixes=.bas,.frm,.ctl
  - sonar.vbnet.file.suffixes=.vb
  - sonar.xml.file.suffixes=.xml,.xsd,.xsl,.config
  - sonar.yaml.file.suffixes=.yaml,.yml
Project scanner properties:
  - sonar.exclusions=**/node_modules/**, **/public/**, **/dist/**
  - sonar.host.url=https://sonarcloud.io
  - sonar.javascript.lcov.reportPaths=coverage/lcov.info
  - sonar.language=js
  - sonar.login=******
  - sonar.organization=meetingteam
  - sonar.projectBaseDir=D:\MeetingTeam_Microservice\frontend-service
  - sonar.projectKey=frontend
  - sonar.projectName=frontend
  - sonar.projectVersion=0.1.0
  - sonar.scanner.apiBaseUrl=https://api.sonarcloud.io
  - sonar.scanner.app=ScannerNpm
  - sonar.scanner.appVersion=4.3.0
  - sonar.scanner.arch=x64
  - sonar.scanner.bootstrapStartTime=1745121619683
  - sonar.scanner.internal.isSonarCloud=true
  - sonar.scanner.os=win32
  - sonar.scanner.wasEngineCacheHit=false
  - sonar.scanner.wasJreCacheHit=hit
  - sonar.token=******
  - sonar.userHome=C:\Users\HP\.sonar
  - sonar.working.directory=.scannerwork
